<?xml version="1.0" encoding="UTF-8"?>
<testng-results ignored="0" total="1" passed="1" failed="0" skipped="0">
  <reporter-output>
  </reporter-output>
  <suite started-at="2024-02-22T16:49:23 IST" name="Default suite" finished-at="2024-02-22T16:49:23 IST" duration-ms="53">
    <groups>
    </groups>
    <test started-at="2024-02-22T16:49:23 IST" name="Default test" finished-at="2024-02-22T16:49:23 IST" duration-ms="53">
      <class name="cv_pages.CV_LoginPage">
        <test-method signature="demo()[pri:0, instance:cv_pages.CV_LoginPage@5656be13]" started-at="2024-02-22T16:49:23 IST" name="demo" finished-at="2024-02-22T16:49:23 IST" duration-ms="7" status="PASS">
          <reporter-output>
          </reporter-output>
        </test-method> <!-- demo -->
      </class> <!-- cv_pages.CV_LoginPage -->
    </test> <!-- Default test -->
  </suite> <!-- Default suite -->
</testng-results>
